
Showing logs for build [32mcb-kubecd-environment-pr-228-3-mgfzv-1[0m stage [32mfrom-build-pack[0m and container [32mstep-credential-initializer-5cktx[0m
{"level":"info","ts":1590029897.9104674,"logger":"fallback-logger","caller":"logging/config.go:69","msg":"Fetch GitHub commit ID from kodata failed: open /var/run/ko/refs/heads/0.8.0-ns-support: no such file or directory"}
{"level":"info","ts":1590029897.910784,"logger":"fallback-logger","caller":"creds-init/main.go:40","msg":"Credentials initialized."}

Showing logs for build [32mcb-kubecd-environment-pr-228-3-mgfzv-1[0m stage [32mfrom-build-pack[0m and container [32mstep-working-dir-initializer-nj5hw[0m
{"level":"info","ts":1590029899.1782622,"logger":"fallback-logger","caller":"logging/config.go:69","msg":"Fetch GitHub commit ID from kodata failed: open /var/run/ko/HEAD: no such file or directory"}
{"level":"info","ts":1590029899.1791081,"logger":"fallback-logger","caller":"bash/main.go:64","msg":"Successfully executed command \"sh -c mkdir -p /workspace/source\"; output "}

Showing logs for build [32mcb-kubecd-environment-pr-228-3-mgfzv-1[0m stage [32mfrom-build-pack[0m and container [32mstep-place-tools[0m

Showing logs for build [32mcb-kubecd-environment-pr-228-3-mgfzv-1[0m stage [32mfrom-build-pack[0m and container [32mstep-git-source-cb-kubecd-environment-pr-228-3-mgfzv-sxndj[0m
{"level":"info","ts":1590029903.2211452,"logger":"fallback-logger","caller":"logging/config.go:69","msg":"Fetch GitHub commit ID from kodata failed: open /var/run/ko/refs/heads/0.8.0-ns-support: no such file or directory"}
{"level":"info","ts":1590029903.515133,"logger":"fallback-logger","caller":"git/git.go:103","msg":"Successfully cloned https://github.com/cb-kubecd/environment-pr-228-3-boot-eks-staging.git @ master in path /workspace/source"}

Showing logs for build [32mcb-kubecd-environment-pr-228-3-mgfzv-1[0m stage [32mfrom-build-pack[0m and container [32mstep-git-merge[0m
Using SHAs from PULL_REFS=master:bb0cd72c5027d900d35b82663b6d6f8178bd6f11,1:c927f8b7e4a9d258cfa9fa1eff7b026017af688f
DEBUG: LC_ALL=C JX_LOG_LEVEL=error git fetch origin --unshallow c927f8b7e4a9d258cfa9fa1eff7b026017af688f: bb0cd72c5027d900d35b82663b6d6f8178bd6f11:
DEBUG: ran git fetch --unshallow origin c927f8b7e4a9d258cfa9fa1eff7b026017af688f: bb0cd72c5027d900d35b82663b6d6f8178bd6f11: in 
DEBUG: LC_ALL=C JX_LOG_LEVEL=error git branch
DEBUG: LC_ALL=C JX_LOG_LEVEL=error git checkout master
DEBUG: ran git checkout master in 
DEBUG: LC_ALL=C JX_LOG_LEVEL=error git reset --hard bb0cd72c5027d900d35b82663b6d6f8178bd6f11
DEBUG: ran git reset --hard bb0cd72c5027d900d35b82663b6d6f8178bd6f11 in 
DEBUG: LC_ALL=C JX_LOG_LEVEL=error git clean -fd .
DEBUG: ran clean --force -d . in 
DEBUG: LC_ALL=C JX_LOG_LEVEL=error git merge c927f8b7e4a9d258cfa9fa1eff7b026017af688f
DEBUG: ran git merge c927f8b7e4a9d258cfa9fa1eff7b026017af688f in 
DEBUG: LC_ALL=C JX_LOG_LEVEL=error git log --format=%H%x1f%an%x1f%ae%x1f%cn%x1f%ce%x1f%s%n%b%x1e bb0cd72c5027d900d35b82663b6d6f8178bd6f11..HEAD
Merged SHA c927f8b7e4a9d258cfa9fa1eff7b026017af688f with commit message 'chore: Promote bdd-spring-1590029366 to version 0.0.1' into base branch master

Showing logs for build [32mcb-kubecd-environment-pr-228-3-mgfzv-1[0m stage [32mfrom-build-pack[0m and container [32mstep-build-helm-build[0m
WARNING: No $CHART_REPOSITORY defined so using the default value of: http://jenkins-x-chartmuseum:8080
Adding missing Helm repo: storage.googleapis.com https://storage.googleapis.com/chartmuseum.jenkins-x.io
WARNING: No secrets found on "helm/repos" due: reading the secret "helm/repos" from vault: no secret "helm/repos" not found in vault
Read credentials for https://storage.googleapis.com/chartmuseum.jenkins-x.io from vault helm/repos
Successfully added Helm repository storage.googleapis.com.
Adding missing Helm repo: jenkins-x-chartmuseum http://jenkins-x-chartmuseum:8080
WARNING: No secrets found on "helm/repos" due: reading the secret "helm/repos" from vault: no secret "helm/repos" not found in vault
Read credentials for http://jenkins-x-chartmuseum:8080 from vault helm/repos
Successfully added Helm repository jenkins-x-chartmuseum.
WARNING: No $CHART_REPOSITORY defined so using the default value of: http://jenkins-x-chartmuseum:8080
Adding missing Helm repo: chartmuseum.jenkins-x.io http://chartmuseum.jenkins-x.io
WARNING: No secrets found on "helm/repos" due: reading the secret "helm/repos" from vault: no secret "helm/repos" not found in vault
Read credentials for http://chartmuseum.jenkins-x.io from vault helm/repos
Successfully added Helm repository chartmuseum.jenkins-x.io.
